2024-06-12 22:58:06 [development] info: GET /api/v1/public/role
2024-06-12 22:58:21 [development] info: GET /api/v1/public/role
2024-06-12 23:00:22 [development] info: GET /api/v1/public/role
2024-06-12 23:00:29 [development] error: GET /api/v1/public/role
2024-06-12 23:03:59 [development] error: GET /api/v1/public/role
2024-06-12 23:06:14 [development] error: GET /api/v1/public/role
2024-06-12 23:06:23 [development] error: GET /api/v1/public/role
2024-06-12 23:06:45 [development] error: GET /api/v1/public/role ReferenceError: a is not defined
2024-06-12 23:06:55 [development] error: GET /api/v1/public/role 
 ReferenceError: a is not defined
2024-06-12 23:10:39 [development] error: GET /api/v1/public/role | ReferenceError: a is not defined
2024-06-12 23:24:58 z [development] info: GET /api/v1/public/role
2024-06-12 23:25:14 +0700 [development] info: GET /api/v1/public/role
2024-06-12 23:25:28 +07:00 [development] info: GET /api/v1/public/role
2024-06-12 23:29:54 +07:00 [development] info: GET /api/v1/public/role undefined
2024-06-12 23:34:51 +07:00 [development] info: GET /api/v1/public/role +0ms
2024-06-12 23:34:55 +07:00 [development] info: GET /api/v1/public/role +4s
2024-06-12 23:34:59 +07:00 [development] info: GET /api/v1/public/role +4s
2024-06-12 23:35:02 +07:00 [development] info: GET /api/v1/public/role +2s
2024-06-12 23:35:02 +07:00 [development] info: GET /api/v1/public/role +619ms
2024-06-12 23:35:03 +07:00 [development] info: GET /api/v1/public/role +523ms
2024-06-12 23:35:06 +07:00 [development] info: GET /api/v1/public/role +3s
2024-06-12 23:50:56 +07:00 [development] info: GET /api/v1/public/role +0ms
2024-06-12 23:51:06 +07:00 [development] info: GET /api/v1/public/role +0ms
2024-06-12 23:51:12 +07:00 [development] info: GET /api/v1/public/role +5s
2024-06-12 23:51:17 +07:00 [development] info: GET /api/v1/public/role +6s
