2024-06-13 02:50:18 +07:00 [development] info: GET /api/v1/public/role info +0ms
2024-06-13 02:50:29 +07:00 [development] info: GET /api/v1/public/role info +12s
2024-06-13 02:50:45 +07:00 [development] info: GET /api/v1/public/role info +0ms
2024-06-13 02:51:01 +07:00 [development] info: GET /api/v1/public/role info +0ms
2024-06-13 02:51:07 +07:00 [development] info: GET /api/v1/public/role info 200 +0ms
2024-06-13 02:51:10 +07:00 [development] info: GET /api/v1/public/role info 200 +4s
2024-06-13 02:52:15 +07:00 [development] info: GET /api/v1/public/role +0ms
2024-06-13 02:53:31 +07:00 [development] info: GET /api/v1/public/role +1m
2024-06-13 02:53:37 +07:00 [development] info: GET /api/v1/public/role +6s
2024-06-13 02:53:40 +07:00 [development] info: GET /api/v1/public/role +3s
2024-06-13 02:53:43 +07:00 [development] info: GET /api/v1/public/role +3s
2024-06-13 02:53:44 +07:00 [development] info: GET /api/v1/public/role +677ms
2024-06-13 02:54:00 +07:00 [development] info: GET /api/v1/public/role undefined
2024-06-13 02:54:14 +07:00 [development] info: GET /api/v1/public/role
2024-06-13 03:09:09 +07:00 [development] info: GET /api/v1/public/role
2024-06-13 03:09:13 +07:00 [development] info: GET /api/v1/public/role
2024-06-13 03:09:18 +07:00 [development] error: GET /api/v1/public/role ReferenceError: a is not defined
2024-06-13 03:09:18 +07:00 [development] info: GET /api/v1/public/role
2024-06-13 03:11:16 +07:00 [development] info: GET /api/v1/public/role http://localhost:3000/api/v1/public/role
2024-06-13 03:11:40 +07:00 [development] info: GET /api/v1/public/role http://localhost:3000/api/v1/public/role
2024-06-13 03:11:49 +07:00 [development] info: GET /api/v1/public/role /api/v1/public/role
2024-06-13 03:15:11 +07:00 [development] info: [object Request]
2024-06-13 03:15:39 +07:00 [development] info: GET /api/v1/public/role /api/v1/public/role
2024-06-13 03:15:57 +07:00 [development] info: [object Request]
2024-06-13 03:19:27 +07:00 [development] info: [object Request]
2024-06-13 03:20:09 +07:00 [development] info: /api/v1/public/role
2024-06-13 03:20:24 +07:00 [development] info: undefined/api/v1/public/role
2024-06-13 03:20:36 +07:00 [development] info: GET/api/v1/public/role
2024-06-13 03:20:49 +07:00 [development] info: GET
2024-06-13 03:21:04 +07:00 [development] error: GET /api/v1/public/role TypeError: Cannot read properties of undefined (reading 'pathname')
2024-06-13 03:21:09 +07:00 [development] info: GET/api/v1/public/role
2024-06-13 03:21:14 +07:00 [development] info: GET /api/v1/public/role
2024-06-13 03:21:52 +07:00 [development] info: GET /api/v1/public/role [{"id":"8db3f71d-9d76-4081-90ba-7b051d91f58b","name":"seller","created_at":"2024-05-28T08:55:17.551Z","updated_at":"2024-05-28T08:55:17.551Z","created_by":"system","updated_by":"system"},{"id":"84909455-684d-471b-965d-bd9a05339aa0","name":"buyer","created_at":"2024-05-28T08:55:17.551Z","updated_at":"2024-05-28T08:55:17.551Z","created_by":"system","updated_by":"system"},{"id":"9f02100b-4faf-4a7c-86c7-7b98418c3e62","name":"seller","created_at":"2024-05-28T08:55:04.356Z","updated_at":"2024-05-28T08:55:04.356Z","created_by":"system","updated_by":"system"},{"id":"382d1131-05d4-4ce5-87a8-e132811a771c","name":"buyer","created_at":"2024-05-28T08:55:04.356Z","updated_at":"2024-05-28T08:55:04.356Z","created_by":"system","updated_by":"system"},{"id":"4fd272b4-6789-4593-9c6e-30a26fc07bad","name":"test","created_at":"2024-05-25T20:17:35.796Z","updated_at":"2024-05-25T20:17:35.796Z","created_by":"system","updated_by":"system"},{"id":"3e9716f2-9d29-4b65-a39d-543616b1555d","name":"test","created_at":"2024-05-25T20:16:48.987Z","updated_at":"2024-05-25T20:16:48.987Z","created_by":"system","updated_by":"system"},{"id":"1fba42d8-228f-4518-b977-87f6b1c74263","name":"buyer","created_at":"2024-05-25T19:26:28.825Z","updated_at":"2024-05-25T19:44:14.764Z","created_by":"system","updated_by":"system"},{"id":"57030210-7013-40a3-9e50-5eaec4dc6cfa","name":"seller","created_at":"2024-05-25T19:22:56.032Z","updated_at":"2024-05-25T19:44:29.554Z","created_by":"system","updated_by":"system"}]
2024-06-13 03:22:58 +07:00 [development] info: GET /api/v1/public/role
2024-06-13 03:24:01 +07:00 [development] info: GET /api/v1/public/role200 3ms
2024-06-13 03:24:06 +07:00 [development] info: GET /api/v1/public/role200 4662ms
2024-06-13 03:24:07 +07:00 [development] info: GET /api/v1/public/role200 6095ms
2024-06-13 03:24:09 +07:00 [development] info: GET /api/v1/public/role200 7705ms
2024-06-13 03:24:13 +07:00 [development] info: GET /api/v1/public/role200 11549ms
2024-06-13 03:24:15 +07:00 [development] info: GET /api/v1/public/role200 14263ms
2024-06-13 03:24:28 +07:00 [development] info: GET /api/v1/public/role200 5ms
2024-06-13 03:24:30 +07:00 [development] info: GET /api/v1/public/role200 1907ms
2024-06-13 03:24:31 +07:00 [development] info: GET /api/v1/public/role200 3409ms
2024-06-13 03:24:33 +07:00 [development] info: GET /api/v1/public/role200 4623ms
2024-06-13 03:24:34 +07:00 [development] info: GET /api/v1/public/role200 6054ms
2024-06-13 03:24:35 +07:00 [development] info: GET /api/v1/public/role200 7425ms
2024-06-13 03:24:37 +07:00 [development] info: GET /api/v1/public/role200 8963ms
2024-06-13 03:24:39 +07:00 [development] info: GET /api/v1/public/role200 11503ms
2024-06-13 03:24:41 +07:00 [development] info: GET /api/v1/public/role200 13138ms
2024-06-13 03:24:42 +07:00 [development] info: GET /api/v1/public/role200 14507ms
2024-06-13 03:24:44 +07:00 [development] info: GET /api/v1/public/role200 15815ms
2024-06-13 03:24:45 +07:00 [development] info: GET /api/v1/public/role200 17039ms
2024-06-13 03:25:35 +07:00 [development] info: GET /api/v1/public/role200
2024-06-13 03:25:39 +07:00 [development] info: GET /api/v1/public/role200
2024-06-13 03:25:53 +07:00 [development] info: GET /api/v1/public/role 200
2024-06-13 03:26:05 +07:00 [development] info: GET /api/v1/public/role 200 [object Object]
2024-06-13 03:28:31 +07:00 [development] info: GET /api/v1/public/role
2024-06-13 03:29:02 +07:00 [development] info: GET
2024-06-13 03:29:18 +07:00 [development] info: GET http://localhost:3000/api/v1/public/role undefined
2024-06-13 03:29:21 +07:00 [development] info: GET http://localhost:3000/api/v1/public/role undefined
2024-06-13 03:29:32 +07:00 [development] info: GET undefined undefined
2024-06-13 03:30:08 +07:00 [development] info: GET /api/v1/public/role undefined
2024-06-13 03:30:46 +07:00 [development] info: GET /api/v1/public/role
2024-06-13 03:32:35 +07:00 [development] info: GET /api/v1/public/role undefined
2024-06-13 03:33:30 +07:00 [development] info: GET /api/v1/public/role
2024-06-13 03:33:33 +07:00 [development] info: GET /api/v1/public/role
2024-06-13 03:33:35 +07:00 [development] info: GET /api/v1/public/role
2024-06-13 03:33:36 +07:00 [development] info: GET /api/v1/public/role
