2024-06-15 13:56:40 +07:00 [development] info: GET /api/v1/cms/item
2024-06-15 13:57:18 +07:00 [development] info: GET /api/v1/cms/item
2024-06-15 15:03:06 +07:00 [development] info: GET /api/v1/cms/item, undefined
2024-06-15 15:05:50 +07:00 [development] info: GET /api/v1/cms/item, undefined
2024-06-15 15:11:56 +07:00 [development] info: GET /api/v1/cms/item, undefined
2024-06-15 15:12:04 +07:00 [development] info: GET /api/v1/cms/item, undefined
2024-06-15 15:12:10 +07:00 [development] info: GET /api/v1/cms/item, undefined
2024-06-15 15:12:25 +07:00 [development] info: GET /api/v1/cms/item, undefined
2024-06-15 15:12:31 +07:00 [development] info: GET /api/v1/cms/item, undefined
2024-06-15 15:13:26 +07:00 [development] info: GET /api/v1/cms/item, 
2024-06-15 15:13:45 +07:00 [development] info: GET /api/v1/cms/item 
2024-06-15 15:22:37 +07:00 [development] error: GET /api/v1/cms/item ReferenceError: s is not defined
    at GET (webpack-internal:///(rsc)/./src/app/api/v1/cms/item/route.js:59:9)
    at D:\MyWork\Project\yuk-umkm\node_modules\next\dist\compiled\next-server\app-route.runtime.dev.js:6:53452
    at D:\MyWork\Project\yuk-umkm\node_modules\next\dist\server\lib\trace\tracer.js:140:36
    at NoopContextManager.with (D:\MyWork\Project\yuk-umkm\node_modules\next\dist\compiled\@opentelemetry\api\index.js:1:7062)
    at ContextAPI.with (D:\MyWork\Project\yuk-umkm\node_modules\next\dist\compiled\@opentelemetry\api\index.js:1:518)
    at NoopTracer.startActiveSpan (D:\MyWork\Project\yuk-umkm\node_modules\next\dist\compiled\@opentelemetry\api\index.js:1:18093)
    at ProxyTracer.startActiveSpan (D:\MyWork\Project\yuk-umkm\node_modules\next\dist\compiled\@opentelemetry\api\index.js:1:18854)
    at D:\MyWork\Project\yuk-umkm\node_modules\next\dist\server\lib\trace\tracer.js:122:103
    at NoopContextManager.with (D:\MyWork\Project\yuk-umkm\node_modules\next\dist\compiled\@opentelemetry\api\index.js:1:7062)
    at ContextAPI.with (D:\MyWork\Project\yuk-umkm\node_modules\next\dist\compiled\@opentelemetry\api\index.js:1:518)
    at NextTracerImpl.trace (D:\MyWork\Project\yuk-umkm\node_modules\next\dist\server\lib\trace\tracer.js:122:28)
    at D:\MyWork\Project\yuk-umkm\node_modules\next\dist\compiled\next-server\app-route.runtime.dev.js:6:46261
    at AsyncLocalStorage.run (node:async_hooks:346:14)
    at Object.wrap (D:\MyWork\Project\yuk-umkm\node_modules\next\dist\compiled\next-server\app-route.runtime.dev.js:6:39188)
    at D:\MyWork\Project\yuk-umkm\node_modules\next\dist\compiled\next-server\app-route.runtime.dev.js:6:45368
    at AsyncLocalStorage.run (node:async_hooks:346:14)
    at Object.wrap (D:\MyWork\Project\yuk-umkm\node_modules\next\dist\compiled\next-server\app-route.runtime.dev.js:6:37583)
    at D:\MyWork\Project\yuk-umkm\node_modules\next\dist\compiled\next-server\app-route.runtime.dev.js:6:45330
    at AsyncLocalStorage.run (node:async_hooks:346:14)
    at e_.execute (D:\MyWork\Project\yuk-umkm\node_modules\next\dist\compiled\next-server\app-route.runtime.dev.js:6:44777)
    at e_.handle (D:\MyWork\Project\yuk-umkm\node_modules\next\dist\compiled\next-server\app-route.runtime.dev.js:6:54711)
    at doRender (D:\MyWork\Project\yuk-umkm\node_modules\next\dist\server\base-server.js:1377:60)
    at cacheEntry.responseCache.get.routeKind (D:\MyWork\Project\yuk-umkm\node_modules\next\dist\server\base-server.js:1599:34)
    at ResponseCache.get (D:\MyWork\Project\yuk-umkm\node_modules\next\dist\server\response-cache\index.js:49:26)
    at DevServer.renderToResponseWithComponentsImpl (D:\MyWork\Project\yuk-umkm\node_modules\next\dist\server\base-server.js:1507:53)
    at D:\MyWork\Project\yuk-umkm\node_modules\next\dist\server\base-server.js:1002:121
    at NextTracerImpl.trace (D:\MyWork\Project\yuk-umkm\node_modules\next\dist\server\lib\trace\tracer.js:105:20)
    at DevServer.renderToResponseWithComponents (D:\MyWork\Project\yuk-umkm\node_modules\next\dist\server\base-server.js:1002:41)
    at DevServer.renderPageComponent (D:\MyWork\Project\yuk-umkm\node_modules\next\dist\server\base-server.js:1924:35)
    at async DevServer.renderToResponseImpl (D:\MyWork\Project\yuk-umkm\node_modules\next\dist\server\base-server.js:1962:32)
    at async DevServer.pipeImpl (D:\MyWork\Project\yuk-umkm\node_modules\next\dist\server\base-server.js:920:25)
    at async NextNodeServer.handleCatchallRenderRequest (D:\MyWork\Project\yuk-umkm\node_modules\next\dist\server\next-server.js:272:17)
    at async DevServer.handleRequestImpl (D:\MyWork\Project\yuk-umkm\node_modules\next\dist\server\base-server.js:816:17)
    at async D:\MyWork\Project\yuk-umkm\node_modules\next\dist\server\dev\next-dev-server.js:339:20
    at async Span.traceAsyncFn (D:\MyWork\Project\yuk-umkm\node_modules\next\dist\trace\trace.js:154:20)
    at async DevServer.handleRequest (D:\MyWork\Project\yuk-umkm\node_modules\next\dist\server\dev\next-dev-server.js:336:24)
    at async invokeRender (D:\MyWork\Project\yuk-umkm\node_modules\next\dist\server\lib\router-server.js:174:21)
    at async handleRequest (D:\MyWork\Project\yuk-umkm\node_modules\next\dist\server\lib\router-server.js:353:24)
    at async requestHandlerImpl (D:\MyWork\Project\yuk-umkm\node_modules\next\dist\server\lib\router-server.js:377:13)
    at async Server.requestListener (D:\MyWork\Project\yuk-umkm\node_modules\next\dist\server\lib\start-server.js:141:13)
2024-06-15 15:23:05 +07:00 [development] error: GET /api/v1/cms/item 
2024-06-15 15:23:25 +07:00 [development] error: GET /api/v1/cms/item 
2024-06-15 15:23:45 +07:00 [development] error: GET /api/v1/cms/item 
2024-06-15 15:23:51 +07:00 [development] error: GET /api/v1/cms/item ReferenceError: s is not defined
    at GET (webpack-internal:///(rsc)/./src/app/api/v1/cms/item/route.js:59:9)
    at D:\MyWork\Project\yuk-umkm\node_modules\next\dist\compiled\next-server\app-route.runtime.dev.js:6:53452
    at D:\MyWork\Project\yuk-umkm\node_modules\next\dist\server\lib\trace\tracer.js:140:36
    at NoopContextManager.with (D:\MyWork\Project\yuk-umkm\node_modules\next\dist\compiled\@opentelemetry\api\index.js:1:7062)
    at ContextAPI.with (D:\MyWork\Project\yuk-umkm\node_modules\next\dist\compiled\@opentelemetry\api\index.js:1:518)
    at NoopTracer.startActiveSpan (D:\MyWork\Project\yuk-umkm\node_modules\next\dist\compiled\@opentelemetry\api\index.js:1:18093)
    at ProxyTracer.startActiveSpan (D:\MyWork\Project\yuk-umkm\node_modules\next\dist\compiled\@opentelemetry\api\index.js:1:18854)
    at D:\MyWork\Project\yuk-umkm\node_modules\next\dist\server\lib\trace\tracer.js:122:103
    at NoopContextManager.with (D:\MyWork\Project\yuk-umkm\node_modules\next\dist\compiled\@opentelemetry\api\index.js:1:7062)
    at ContextAPI.with (D:\MyWork\Project\yuk-umkm\node_modules\next\dist\compiled\@opentelemetry\api\index.js:1:518)
    at NextTracerImpl.trace (D:\MyWork\Project\yuk-umkm\node_modules\next\dist\server\lib\trace\tracer.js:122:28)
    at D:\MyWork\Project\yuk-umkm\node_modules\next\dist\compiled\next-server\app-route.runtime.dev.js:6:46261
    at AsyncLocalStorage.run (node:async_hooks:346:14)
    at Object.wrap (D:\MyWork\Project\yuk-umkm\node_modules\next\dist\compiled\next-server\app-route.runtime.dev.js:6:39188)
    at D:\MyWork\Project\yuk-umkm\node_modules\next\dist\compiled\next-server\app-route.runtime.dev.js:6:45368
    at AsyncLocalStorage.run (node:async_hooks:346:14)
    at Object.wrap (D:\MyWork\Project\yuk-umkm\node_modules\next\dist\compiled\next-server\app-route.runtime.dev.js:6:37583)
    at D:\MyWork\Project\yuk-umkm\node_modules\next\dist\compiled\next-server\app-route.runtime.dev.js:6:45330
    at AsyncLocalStorage.run (node:async_hooks:346:14)
    at e_.execute (D:\MyWork\Project\yuk-umkm\node_modules\next\dist\compiled\next-server\app-route.runtime.dev.js:6:44777)
    at e_.handle (D:\MyWork\Project\yuk-umkm\node_modules\next\dist\compiled\next-server\app-route.runtime.dev.js:6:54711)
    at doRender (D:\MyWork\Project\yuk-umkm\node_modules\next\dist\server\base-server.js:1377:60)
    at cacheEntry.responseCache.get.routeKind (D:\MyWork\Project\yuk-umkm\node_modules\next\dist\server\base-server.js:1599:34)
    at ResponseCache.get (D:\MyWork\Project\yuk-umkm\node_modules\next\dist\server\response-cache\index.js:49:26)
    at DevServer.renderToResponseWithComponentsImpl (D:\MyWork\Project\yuk-umkm\node_modules\next\dist\server\base-server.js:1507:53)
    at D:\MyWork\Project\yuk-umkm\node_modules\next\dist\server\base-server.js:1002:121
    at NextTracerImpl.trace (D:\MyWork\Project\yuk-umkm\node_modules\next\dist\server\lib\trace\tracer.js:105:20)
    at DevServer.renderToResponseWithComponents (D:\MyWork\Project\yuk-umkm\node_modules\next\dist\server\base-server.js:1002:41)
    at DevServer.renderPageComponent (D:\MyWork\Project\yuk-umkm\node_modules\next\dist\server\base-server.js:1924:35)
    at async DevServer.renderToResponseImpl (D:\MyWork\Project\yuk-umkm\node_modules\next\dist\server\base-server.js:1962:32)
    at async DevServer.pipeImpl (D:\MyWork\Project\yuk-umkm\node_modules\next\dist\server\base-server.js:920:25)
    at async NextNodeServer.handleCatchallRenderRequest (D:\MyWork\Project\yuk-umkm\node_modules\next\dist\server\next-server.js:272:17)
    at async DevServer.handleRequestImpl (D:\MyWork\Project\yuk-umkm\node_modules\next\dist\server\base-server.js:816:17)
    at async D:\MyWork\Project\yuk-umkm\node_modules\next\dist\server\dev\next-dev-server.js:339:20
    at async Span.traceAsyncFn (D:\MyWork\Project\yuk-umkm\node_modules\next\dist\trace\trace.js:154:20)
    at async DevServer.handleRequest (D:\MyWork\Project\yuk-umkm\node_modules\next\dist\server\dev\next-dev-server.js:336:24)
    at async invokeRender (D:\MyWork\Project\yuk-umkm\node_modules\next\dist\server\lib\router-server.js:174:21)
    at async handleRequest (D:\MyWork\Project\yuk-umkm\node_modules\next\dist\server\lib\router-server.js:353:24)
    at async requestHandlerImpl (D:\MyWork\Project\yuk-umkm\node_modules\next\dist\server\lib\router-server.js:377:13)
    at async Server.requestListener (D:\MyWork\Project\yuk-umkm\node_modules\next\dist\server\lib\start-server.js:141:13)
2024-06-15 15:24:02 +07:00 [development] error: GET /api/v1/cms/item 
2024-06-15 15:24:13 +07:00 [development] error: GET /api/v1/cms/item ReferenceError: s is not defined
    at GET (webpack-internal:///(rsc)/./src/app/api/v1/cms/item/route.js:59:9)
    at D:\MyWork\Project\yuk-umkm\node_modules\next\dist\compiled\next-server\app-route.runtime.dev.js:6:53452
    at D:\MyWork\Project\yuk-umkm\node_modules\next\dist\server\lib\trace\tracer.js:140:36
    at NoopContextManager.with (D:\MyWork\Project\yuk-umkm\node_modules\next\dist\compiled\@opentelemetry\api\index.js:1:7062)
    at ContextAPI.with (D:\MyWork\Project\yuk-umkm\node_modules\next\dist\compiled\@opentelemetry\api\index.js:1:518)
    at NoopTracer.startActiveSpan (D:\MyWork\Project\yuk-umkm\node_modules\next\dist\compiled\@opentelemetry\api\index.js:1:18093)
    at ProxyTracer.startActiveSpan (D:\MyWork\Project\yuk-umkm\node_modules\next\dist\compiled\@opentelemetry\api\index.js:1:18854)
    at D:\MyWork\Project\yuk-umkm\node_modules\next\dist\server\lib\trace\tracer.js:122:103
    at NoopContextManager.with (D:\MyWork\Project\yuk-umkm\node_modules\next\dist\compiled\@opentelemetry\api\index.js:1:7062)
    at ContextAPI.with (D:\MyWork\Project\yuk-umkm\node_modules\next\dist\compiled\@opentelemetry\api\index.js:1:518)
    at NextTracerImpl.trace (D:\MyWork\Project\yuk-umkm\node_modules\next\dist\server\lib\trace\tracer.js:122:28)
    at D:\MyWork\Project\yuk-umkm\node_modules\next\dist\compiled\next-server\app-route.runtime.dev.js:6:46261
    at AsyncLocalStorage.run (node:async_hooks:346:14)
    at Object.wrap (D:\MyWork\Project\yuk-umkm\node_modules\next\dist\compiled\next-server\app-route.runtime.dev.js:6:39188)
    at D:\MyWork\Project\yuk-umkm\node_modules\next\dist\compiled\next-server\app-route.runtime.dev.js:6:45368
    at AsyncLocalStorage.run (node:async_hooks:346:14)
    at Object.wrap (D:\MyWork\Project\yuk-umkm\node_modules\next\dist\compiled\next-server\app-route.runtime.dev.js:6:37583)
    at D:\MyWork\Project\yuk-umkm\node_modules\next\dist\compiled\next-server\app-route.runtime.dev.js:6:45330
    at AsyncLocalStorage.run (node:async_hooks:346:14)
    at e_.execute (D:\MyWork\Project\yuk-umkm\node_modules\next\dist\compiled\next-server\app-route.runtime.dev.js:6:44777)
    at e_.handle (D:\MyWork\Project\yuk-umkm\node_modules\next\dist\compiled\next-server\app-route.runtime.dev.js:6:54711)
    at doRender (D:\MyWork\Project\yuk-umkm\node_modules\next\dist\server\base-server.js:1377:60)
    at cacheEntry.responseCache.get.routeKind (D:\MyWork\Project\yuk-umkm\node_modules\next\dist\server\base-server.js:1599:34)
    at ResponseCache.get (D:\MyWork\Project\yuk-umkm\node_modules\next\dist\server\response-cache\index.js:49:26)
    at DevServer.renderToResponseWithComponentsImpl (D:\MyWork\Project\yuk-umkm\node_modules\next\dist\server\base-server.js:1507:53)
    at D:\MyWork\Project\yuk-umkm\node_modules\next\dist\server\base-server.js:1002:121
    at NextTracerImpl.trace (D:\MyWork\Project\yuk-umkm\node_modules\next\dist\server\lib\trace\tracer.js:105:20)
    at DevServer.renderToResponseWithComponents (D:\MyWork\Project\yuk-umkm\node_modules\next\dist\server\base-server.js:1002:41)
    at DevServer.renderPageComponent (D:\MyWork\Project\yuk-umkm\node_modules\next\dist\server\base-server.js:1924:35)
    at async DevServer.renderToResponseImpl (D:\MyWork\Project\yuk-umkm\node_modules\next\dist\server\base-server.js:1962:32)
    at async DevServer.pipeImpl (D:\MyWork\Project\yuk-umkm\node_modules\next\dist\server\base-server.js:920:25)
    at async NextNodeServer.handleCatchallRenderRequest (D:\MyWork\Project\yuk-umkm\node_modules\next\dist\server\next-server.js:272:17)
    at async DevServer.handleRequestImpl (D:\MyWork\Project\yuk-umkm\node_modules\next\dist\server\base-server.js:816:17)
    at async D:\MyWork\Project\yuk-umkm\node_modules\next\dist\server\dev\next-dev-server.js:339:20
    at async Span.traceAsyncFn (D:\MyWork\Project\yuk-umkm\node_modules\next\dist\trace\trace.js:154:20)
    at async DevServer.handleRequest (D:\MyWork\Project\yuk-umkm\node_modules\next\dist\server\dev\next-dev-server.js:336:24)
    at async invokeRender (D:\MyWork\Project\yuk-umkm\node_modules\next\dist\server\lib\router-server.js:174:21)
    at async handleRequest (D:\MyWork\Project\yuk-umkm\node_modules\next\dist\server\lib\router-server.js:353:24)
    at async requestHandlerImpl (D:\MyWork\Project\yuk-umkm\node_modules\next\dist\server\lib\router-server.js:377:13)
    at async Server.requestListener (D:\MyWork\Project\yuk-umkm\node_modules\next\dist\server\lib\start-server.js:141:13)
2024-06-15 15:24:19 +07:00 [development] error: GET /api/v1/cms/item ReferenceError: s is not defined
    at GET (webpack-internal:///(rsc)/./src/app/api/v1/cms/item/route.js:59:9)
    at D:\MyWork\Project\yuk-umkm\node_modules\next\dist\compiled\next-server\app-route.runtime.dev.js:6:53452
    at D:\MyWork\Project\yuk-umkm\node_modules\next\dist\server\lib\trace\tracer.js:140:36
    at NoopContextManager.with (D:\MyWork\Project\yuk-umkm\node_modules\next\dist\compiled\@opentelemetry\api\index.js:1:7062)
    at ContextAPI.with (D:\MyWork\Project\yuk-umkm\node_modules\next\dist\compiled\@opentelemetry\api\index.js:1:518)
    at NoopTracer.startActiveSpan (D:\MyWork\Project\yuk-umkm\node_modules\next\dist\compiled\@opentelemetry\api\index.js:1:18093)
    at ProxyTracer.startActiveSpan (D:\MyWork\Project\yuk-umkm\node_modules\next\dist\compiled\@opentelemetry\api\index.js:1:18854)
    at D:\MyWork\Project\yuk-umkm\node_modules\next\dist\server\lib\trace\tracer.js:122:103
    at NoopContextManager.with (D:\MyWork\Project\yuk-umkm\node_modules\next\dist\compiled\@opentelemetry\api\index.js:1:7062)
    at ContextAPI.with (D:\MyWork\Project\yuk-umkm\node_modules\next\dist\compiled\@opentelemetry\api\index.js:1:518)
    at NextTracerImpl.trace (D:\MyWork\Project\yuk-umkm\node_modules\next\dist\server\lib\trace\tracer.js:122:28)
    at D:\MyWork\Project\yuk-umkm\node_modules\next\dist\compiled\next-server\app-route.runtime.dev.js:6:46261
    at AsyncLocalStorage.run (node:async_hooks:346:14)
    at Object.wrap (D:\MyWork\Project\yuk-umkm\node_modules\next\dist\compiled\next-server\app-route.runtime.dev.js:6:39188)
    at D:\MyWork\Project\yuk-umkm\node_modules\next\dist\compiled\next-server\app-route.runtime.dev.js:6:45368
    at AsyncLocalStorage.run (node:async_hooks:346:14)
    at Object.wrap (D:\MyWork\Project\yuk-umkm\node_modules\next\dist\compiled\next-server\app-route.runtime.dev.js:6:37583)
    at D:\MyWork\Project\yuk-umkm\node_modules\next\dist\compiled\next-server\app-route.runtime.dev.js:6:45330
    at AsyncLocalStorage.run (node:async_hooks:346:14)
    at e_.execute (D:\MyWork\Project\yuk-umkm\node_modules\next\dist\compiled\next-server\app-route.runtime.dev.js:6:44777)
    at e_.handle (D:\MyWork\Project\yuk-umkm\node_modules\next\dist\compiled\next-server\app-route.runtime.dev.js:6:54711)
    at doRender (D:\MyWork\Project\yuk-umkm\node_modules\next\dist\server\base-server.js:1377:60)
    at cacheEntry.responseCache.get.routeKind (D:\MyWork\Project\yuk-umkm\node_modules\next\dist\server\base-server.js:1599:34)
    at ResponseCache.get (D:\MyWork\Project\yuk-umkm\node_modules\next\dist\server\response-cache\index.js:49:26)
    at DevServer.renderToResponseWithComponentsImpl (D:\MyWork\Project\yuk-umkm\node_modules\next\dist\server\base-server.js:1507:53)
    at D:\MyWork\Project\yuk-umkm\node_modules\next\dist\server\base-server.js:1002:121
    at NextTracerImpl.trace (D:\MyWork\Project\yuk-umkm\node_modules\next\dist\server\lib\trace\tracer.js:105:20)
    at DevServer.renderToResponseWithComponents (D:\MyWork\Project\yuk-umkm\node_modules\next\dist\server\base-server.js:1002:41)
    at DevServer.renderPageComponent (D:\MyWork\Project\yuk-umkm\node_modules\next\dist\server\base-server.js:1924:35)
    at async DevServer.renderToResponseImpl (D:\MyWork\Project\yuk-umkm\node_modules\next\dist\server\base-server.js:1962:32)
    at async DevServer.pipeImpl (D:\MyWork\Project\yuk-umkm\node_modules\next\dist\server\base-server.js:920:25)
    at async NextNodeServer.handleCatchallRenderRequest (D:\MyWork\Project\yuk-umkm\node_modules\next\dist\server\next-server.js:272:17)
    at async DevServer.handleRequestImpl (D:\MyWork\Project\yuk-umkm\node_modules\next\dist\server\base-server.js:816:17)
    at async D:\MyWork\Project\yuk-umkm\node_modules\next\dist\server\dev\next-dev-server.js:339:20
    at async Span.traceAsyncFn (D:\MyWork\Project\yuk-umkm\node_modules\next\dist\trace\trace.js:154:20)
    at async DevServer.handleRequest (D:\MyWork\Project\yuk-umkm\node_modules\next\dist\server\dev\next-dev-server.js:336:24)
    at async invokeRender (D:\MyWork\Project\yuk-umkm\node_modules\next\dist\server\lib\router-server.js:174:21)
    at async handleRequest (D:\MyWork\Project\yuk-umkm\node_modules\next\dist\server\lib\router-server.js:353:24)
    at async requestHandlerImpl (D:\MyWork\Project\yuk-umkm\node_modules\next\dist\server\lib\router-server.js:377:13)
    at async Server.requestListener (D:\MyWork\Project\yuk-umkm\node_modules\next\dist\server\lib\start-server.js:141:13)
2024-06-15 15:24:30 +07:00 [development] error: GET /api/v1/cms/item ReferenceError: s is not defined
    at GET (webpack-internal:///(rsc)/./src/app/api/v1/cms/item/route.js:59:9)
    at D:\MyWork\Project\yuk-umkm\node_modules\next\dist\compiled\next-server\app-route.runtime.dev.js:6:53452
    at D:\MyWork\Project\yuk-umkm\node_modules\next\dist\server\lib\trace\tracer.js:140:36
    at NoopContextManager.with (D:\MyWork\Project\yuk-umkm\node_modules\next\dist\compiled\@opentelemetry\api\index.js:1:7062)
    at ContextAPI.with (D:\MyWork\Project\yuk-umkm\node_modules\next\dist\compiled\@opentelemetry\api\index.js:1:518)
    at NoopTracer.startActiveSpan (D:\MyWork\Project\yuk-umkm\node_modules\next\dist\compiled\@opentelemetry\api\index.js:1:18093)
    at ProxyTracer.startActiveSpan (D:\MyWork\Project\yuk-umkm\node_modules\next\dist\compiled\@opentelemetry\api\index.js:1:18854)
    at D:\MyWork\Project\yuk-umkm\node_modules\next\dist\server\lib\trace\tracer.js:122:103
    at NoopContextManager.with (D:\MyWork\Project\yuk-umkm\node_modules\next\dist\compiled\@opentelemetry\api\index.js:1:7062)
    at ContextAPI.with (D:\MyWork\Project\yuk-umkm\node_modules\next\dist\compiled\@opentelemetry\api\index.js:1:518)
    at NextTracerImpl.trace (D:\MyWork\Project\yuk-umkm\node_modules\next\dist\server\lib\trace\tracer.js:122:28)
    at D:\MyWork\Project\yuk-umkm\node_modules\next\dist\compiled\next-server\app-route.runtime.dev.js:6:46261
    at AsyncLocalStorage.run (node:async_hooks:346:14)
    at Object.wrap (D:\MyWork\Project\yuk-umkm\node_modules\next\dist\compiled\next-server\app-route.runtime.dev.js:6:39188)
    at D:\MyWork\Project\yuk-umkm\node_modules\next\dist\compiled\next-server\app-route.runtime.dev.js:6:45368
    at AsyncLocalStorage.run (node:async_hooks:346:14)
    at Object.wrap (D:\MyWork\Project\yuk-umkm\node_modules\next\dist\compiled\next-server\app-route.runtime.dev.js:6:37583)
    at D:\MyWork\Project\yuk-umkm\node_modules\next\dist\compiled\next-server\app-route.runtime.dev.js:6:45330
    at AsyncLocalStorage.run (node:async_hooks:346:14)
    at e_.execute (D:\MyWork\Project\yuk-umkm\node_modules\next\dist\compiled\next-server\app-route.runtime.dev.js:6:44777)
    at e_.handle (D:\MyWork\Project\yuk-umkm\node_modules\next\dist\compiled\next-server\app-route.runtime.dev.js:6:54711)
    at doRender (D:\MyWork\Project\yuk-umkm\node_modules\next\dist\server\base-server.js:1377:60)
    at cacheEntry.responseCache.get.routeKind (D:\MyWork\Project\yuk-umkm\node_modules\next\dist\server\base-server.js:1599:34)
    at ResponseCache.get (D:\MyWork\Project\yuk-umkm\node_modules\next\dist\server\response-cache\index.js:49:26)
    at DevServer.renderToResponseWithComponentsImpl (D:\MyWork\Project\yuk-umkm\node_modules\next\dist\server\base-server.js:1507:53)
    at D:\MyWork\Project\yuk-umkm\node_modules\next\dist\server\base-server.js:1002:121
    at NextTracerImpl.trace (D:\MyWork\Project\yuk-umkm\node_modules\next\dist\server\lib\trace\tracer.js:105:20)
    at DevServer.renderToResponseWithComponents (D:\MyWork\Project\yuk-umkm\node_modules\next\dist\server\base-server.js:1002:41)
    at DevServer.renderPageComponent (D:\MyWork\Project\yuk-umkm\node_modules\next\dist\server\base-server.js:1924:35)
    at async DevServer.renderToResponseImpl (D:\MyWork\Project\yuk-umkm\node_modules\next\dist\server\base-server.js:1962:32)
    at async DevServer.pipeImpl (D:\MyWork\Project\yuk-umkm\node_modules\next\dist\server\base-server.js:920:25)
    at async NextNodeServer.handleCatchallRenderRequest (D:\MyWork\Project\yuk-umkm\node_modules\next\dist\server\next-server.js:272:17)
    at async DevServer.handleRequestImpl (D:\MyWork\Project\yuk-umkm\node_modules\next\dist\server\base-server.js:816:17)
    at async D:\MyWork\Project\yuk-umkm\node_modules\next\dist\server\dev\next-dev-server.js:339:20
    at async Span.traceAsyncFn (D:\MyWork\Project\yuk-umkm\node_modules\next\dist\trace\trace.js:154:20)
    at async DevServer.handleRequest (D:\MyWork\Project\yuk-umkm\node_modules\next\dist\server\dev\next-dev-server.js:336:24)
    at async invokeRender (D:\MyWork\Project\yuk-umkm\node_modules\next\dist\server\lib\router-server.js:174:21)
    at async handleRequest (D:\MyWork\Project\yuk-umkm\node_modules\next\dist\server\lib\router-server.js:353:24)
    at async requestHandlerImpl (D:\MyWork\Project\yuk-umkm\node_modules\next\dist\server\lib\router-server.js:377:13)
    at async Server.requestListener (D:\MyWork\Project\yuk-umkm\node_modules\next\dist\server\lib\start-server.js:141:13)
2024-06-15 15:24:37 +07:00 [development] error: GET /api/v1/cms/item ReferenceError: s is not defined
2024-06-15 15:28:26 +07:00 [development] error: GET /api/v1/cms/item ReferenceError: s is not defined
2024-06-15 15:29:27 +07:00 [development] error: GET /api/v1/cms/item ReferenceError: s is not defined
2024-06-15 15:29:32 +07:00 [development] error: GET /api/v1/cms/item ReferenceError: s is not defined
2024-06-15 15:29:41 +07:00 [development] error: GET /api/v1/cms/item ReferenceError: s is not defined
2024-06-15 15:29:54 +07:00 [development] error: GET /api/v1/cms/item ReferenceError: s is not defined
2024-06-15 15:30:43 +07:00 [development] info: GET /api/v1/cms/item 
2024-06-15 15:30:54 +07:00 [development] error: GET /api/v1/cms/item 
2024-06-15 15:35:27 +07:00 [development] error: GET /api/v1/cms/item ReferenceError: s is not defined
2024-06-15 15:35:48 +07:00 [development] info: GET /api/v1/cms/item 
2024-06-15 16:15:06 +07:00 [development] error: GET /api/v1/cms/item PrismaClientValidationError: 
Invalid `prisma.item.findUnique()` invocation:

{
  where: {
    id: "f0b20cc9-2266-4caa-8cdb-70669d3a1c6c"
  },
  include: {
    item_image: true,
    item_category: true,
    ~~~~~~~~~~~~~
?   user?: true
  }
}

Unknown field `item_category` for include statement on model `item`. Available options are marked with ?.
2024-06-15 16:16:22 +07:00 [development] error: GET /api/v1/cms/itemCategory TypeError: Cannot read properties of undefined (reading 'findMany')
2024-06-15 16:16:34 +07:00 [development] error: GET /api/v1/cms/itemCategory TypeError: Cannot read properties of undefined (reading 'findMany')
2024-06-15 16:16:38 +07:00 [development] error: GET /api/v1/cms/itemCategory TypeError: Cannot read properties of undefined (reading 'findUnique')
2024-06-15 16:16:55 +07:00 [development] error: GET /api/v1/cms/item PrismaClientValidationError: 
Invalid `prisma.item.findUnique()` invocation:

{
  where: {
    id: "f0b20cc9-2266-4caa-8cdb-70669d3a1c6c"
  },
  include: {
    item_image: true,
    item_category: true,
    ~~~~~~~~~~~~~
?   user?: true
  }
}

Unknown field `item_category` for include statement on model `item`. Available options are marked with ?.
2024-06-15 16:18:29 +07:00 [development] error: GET /api/v1/cms/item PrismaClientValidationError: 
Invalid `prisma.item.findUnique()` invocation:

{
  where: {
    id: "f0b20cc9-2266-4caa-8cdb-70669d3a1c6c"
  },
  include: {
    item_image: true,
    item_category: true,
    ~~~~~~~~~~~~~
?   user?: true
  }
}

Unknown field `item_category` for include statement on model `item`. Available options are marked with ?.
2024-06-15 16:18:44 +07:00 [development] error: GET /api/v1/cms/item PrismaClientValidationError: 
Invalid `prisma.item.findUnique()` invocation:

{
  where: {
    id: "f0b20cc9-2266-4caa-8cdb-70669d3a1c6c"
  },
  include: {
    item_image: true,
    item_category: true,
    ~~~~~~~~~~~~~
?   user?: true
  }
}

Unknown field `item_category` for include statement on model `item`. Available options are marked with ?.
2024-06-15 16:23:20 +07:00 [development] error: GET /api/v1/cms/item PrismaClientValidationError: 
Invalid `prisma.item.findUnique()` invocation:

{
  where: {
    id: "f0b20cc9-2266-4caa-8cdb-70669d3a1c6c"
  },
  include: {
    item_image: true,
    item_category: true,
    ~~~~~~~~~~~~~
?   user?: true
  }
}

Unknown field `item_category` for include statement on model `item`. Available options are marked with ?.
2024-06-15 16:23:21 +07:00 [development] error: GET /api/v1/cms/item PrismaClientValidationError: 
Invalid `prisma.item.findUnique()` invocation:

{
  where: {
    id: "f0b20cc9-2266-4caa-8cdb-70669d3a1c6c"
  },
  include: {
    item_image: true,
    item_category: true,
    ~~~~~~~~~~~~~
?   user?: true
  }
}

Unknown field `item_category` for include statement on model `item`. Available options are marked with ?.
2024-06-15 16:24:04 +07:00 [development] error: GET /api/v1/cms/item PrismaClientValidationError: 
Invalid `prisma.item.findUnique()` invocation:

{
  where: {
    id: "f0b20cc9-2266-4caa-8cdb-70669d3a1c6c"
  },
  include: {
    item_image: true,
    item_category: true,
    ~~~~~~~~~~~~~
?   user?: true
  }
}

Unknown field `item_category` for include statement on model `item`. Available options are marked with ?.
2024-06-15 16:24:05 +07:00 [development] error: GET /api/v1/cms/item PrismaClientValidationError: 
Invalid `prisma.item.findUnique()` invocation:

{
  where: {
    id: "f0b20cc9-2266-4caa-8cdb-70669d3a1c6c"
  },
  include: {
    item_image: true,
    item_category: true,
    ~~~~~~~~~~~~~
?   user?: true
  }
}

Unknown field `item_category` for include statement on model `item`. Available options are marked with ?.
2024-06-15 16:24:13 +07:00 [development] error: GET /api/v1/cms/item PrismaClientValidationError: 
Invalid `prisma.item.findUnique()` invocation:

{
  where: {
    id: "f0b20cc9-2266-4caa-8cdb-70669d3a1c6c"
  },
  include: {
    item_image: true,
    item_category: true,
    ~~~~~~~~~~~~~
?   user?: true
  }
}

Unknown field `item_category` for include statement on model `item`. Available options are marked with ?.
2024-06-15 16:25:34 +07:00 [development] error: GET /api/v1/cms/itemCategory TypeError: Cannot read properties of undefined (reading 'findUnique')
2024-06-15 16:25:40 +07:00 [development] error: GET /api/v1/cms/itemCategory TypeError: Cannot read properties of undefined (reading 'findMany')
2024-06-15 16:28:28 +07:00 [development] info: GET /api/v1/cms/itemCategory 
2024-06-15 16:32:55 +07:00 [development] info: GET /api/v1/cms/item 
2024-06-15 16:43:00 +07:00 [development] info: GET /api/v1/cms/itemCategory 
2024-06-15 16:43:36 +07:00 [development] info: GET /api/v1/cms/itemCategory 
2024-06-15 16:43:48 +07:00 [development] info: GET /api/v1/cms/itemCategory 
2024-06-15 16:43:54 +07:00 [development] info: GET /api/v1/cms/itemCategory 
2024-06-15 16:43:54 +07:00 [development] info: GET /api/v1/cms/itemCategory 
2024-06-15 16:44:50 +07:00 [development] info: POST /api/v1/cms/itemCategory 
2024-06-15 16:45:09 +07:00 [development] info: POST /api/v1/cms/itemCategory 
2024-06-15 16:45:30 +07:00 [development] info: POST /api/v1/cms/itemCategory 
2024-06-15 16:46:00 +07:00 [development] info: GET /api/v1/cms/itemCategory 
2024-06-15 16:46:01 +07:00 [development] info: GET /api/v1/cms/itemCategory 
2024-06-15 16:49:03 +07:00 [development] info: GET /api/v1/cms/itemCategory 
2024-06-15 16:49:28 +07:00 [development] info: GET /api/v1/cms/itemCategory 
2024-06-15 16:50:10 +07:00 [development] info: GET /api/v1/cms/itemCategory 
2024-06-15 16:52:52 +07:00 [development] info: GET /api/v1/cms/itemCategory 
2024-06-15 16:53:45 +07:00 [development] info: GET /api/v1/cms/itemCategory 
2024-06-15 16:53:45 +07:00 [development] info: GET /api/v1/cms/itemCategory 
2024-06-15 16:55:21 +07:00 [development] info: GET /api/v1/cms/itemCategory 
2024-06-15 16:56:45 +07:00 [development] error: POST /api/v1/cms/item SyntaxError: Unexpected end of JSON input
2024-06-15 16:56:46 +07:00 [development] info: GET /api/v1/cms/itemCategory 
2024-06-15 16:58:08 +07:00 [development] info: GET /api/v1/cms/itemCategory 
2024-06-15 16:58:09 +07:00 [development] info: GET /api/v1/cms/itemCategory 
2024-06-15 17:04:05 +07:00 [development] error: POST /api/v1/cms/item SyntaxError: No number after minus sign in JSON at position 1
2024-06-15 17:10:49 +07:00 [development] info: GET /api/v1/cms/itemCategory 
2024-06-15 17:10:49 +07:00 [development] info: GET /api/v1/cms/itemCategory 
2024-06-15 17:11:37 +07:00 [development] info: GET /api/v1/cms/itemCategory 
2024-06-15 17:11:37 +07:00 [development] info: GET /api/v1/cms/itemCategory 
2024-06-15 17:15:15 +07:00 [development] error: POST /api/v1/cms/item TypeError: Error: Unexpected end of multipart data
2024-06-15 17:15:16 +07:00 [development] info: GET /api/v1/cms/itemCategory 
2024-06-15 17:16:31 +07:00 [development] info: GET /api/v1/cms/itemCategory 
2024-06-15 17:17:24 +07:00 [development] info: GET /api/v1/cms/itemCategory 
2024-06-15 17:17:24 +07:00 [development] info: GET /api/v1/cms/itemCategory 
2024-06-15 17:39:18 +07:00 [development] info: GET /api/v1/cms/itemCategory 
2024-06-15 17:39:18 +07:00 [development] info: GET /api/v1/cms/itemCategory 
2024-06-15 17:39:52 +07:00 [development] info: POST /api/v1/cms/item 
2024-06-15 17:40:12 +07:00 [development] info: GET /api/v1/cms/itemCategory 
2024-06-15 17:40:12 +07:00 [development] info: GET /api/v1/cms/itemCategory 
2024-06-15 17:40:52 +07:00 [development] info: GET /api/v1/cms/itemCategory 
2024-06-15 17:40:52 +07:00 [development] info: GET /api/v1/cms/item 
2024-06-15 17:41:05 +07:00 [development] info: GET /api/v1/cms/item 
2024-06-15 17:41:13 +07:00 [development] info: GET /api/v1/cms/itemCategory 
2024-06-15 17:41:13 +07:00 [development] info: GET /api/v1/cms/item 
2024-06-15 17:41:13 +07:00 [development] info: GET /api/v1/cms/itemCategory 
2024-06-15 17:41:13 +07:00 [development] info: GET /api/v1/cms/item 
2024-06-15 17:41:13 +07:00 [development] info: GET /api/v1/cms/item 
2024-06-15 17:41:13 +07:00 [development] info: GET /api/v1/cms/item 
2024-06-15 17:42:38 +07:00 [development] info: GET /api/v1/cms/item 
2024-06-15 17:42:38 +07:00 [development] info: GET /api/v1/cms/item 
2024-06-15 17:42:42 +07:00 [development] info: GET /api/v1/cms/item 
2024-06-15 17:42:42 +07:00 [development] info: GET /api/v1/cms/item 
2024-06-15 17:47:37 +07:00 [development] info: GET /api/v1/cms/item 
2024-06-15 17:47:53 +07:00 [development] error: GET /api/v1/cms/itemCategory PrismaClientKnownRequestError: 
Invalid `prisma.itemCategory.findMany()` invocation:


Can't reach database server at `localhost:5432`

Please make sure your database server is running at `localhost:5432`.
2024-06-15 17:48:58 +07:00 [development] info: GET /api/v1/cms/item 
2024-06-15 17:48:59 +07:00 [development] info: GET /api/v1/cms/item 
2024-06-15 17:49:00 +07:00 [development] info: GET /api/v1/cms/item 
2024-06-15 17:49:00 +07:00 [development] error: GET /api/v1/cms/itemCategory PrismaClientKnownRequestError: 
Invalid `prisma.itemCategory.findMany()` invocation:


Can't reach database server at `localhost:5432`

Please make sure your database server is running at `localhost:5432`.
2024-06-15 17:49:00 +07:00 [development] info: GET /api/v1/cms/item 
2024-06-15 17:49:08 +07:00 [development] info: GET /api/v1/cms/itemCategory 
2024-06-15 17:50:22 +07:00 [development] info: GET /api/v1/cms/item 
2024-06-15 17:50:22 +07:00 [development] info: GET /api/v1/cms/item 
2024-06-15 17:50:22 +07:00 [development] info: GET /api/v1/cms/item 
2024-06-15 17:50:22 +07:00 [development] info: GET /api/v1/cms/item 
2024-06-15 17:50:22 +07:00 [development] info: GET /api/v1/cms/itemCategory 
2024-06-15 17:50:23 +07:00 [development] info: GET /api/v1/cms/itemCategory 
2024-06-15 17:52:08 +07:00 [development] info: POST /api/v1/cms/item 
2024-06-15 17:52:24 +07:00 [development] info: GET /api/v1/cms/itemCategory 
2024-06-15 17:52:24 +07:00 [development] info: GET /api/v1/cms/itemCategory 
2024-06-15 17:52:24 +07:00 [development] info: GET /api/v1/cms/item 
2024-06-15 17:52:25 +07:00 [development] info: GET /api/v1/cms/item 
2024-06-15 17:52:25 +07:00 [development] info: GET /api/v1/cms/item 
2024-06-15 17:52:25 +07:00 [development] info: GET /api/v1/cms/item 
2024-06-15 17:54:20 +07:00 [development] info: GET /api/v1/cms/itemCategory 
2024-06-15 17:54:20 +07:00 [development] info: GET /api/v1/cms/item 
2024-06-15 17:54:21 +07:00 [development] info: GET /api/v1/cms/item 
2024-06-15 17:54:21 +07:00 [development] info: GET /api/v1/cms/itemCategory 
2024-06-15 17:54:21 +07:00 [development] info: GET /api/v1/cms/item 
2024-06-15 17:54:22 +07:00 [development] info: GET /api/v1/cms/item 
2024-06-15 17:59:31 +07:00 [development] info: GET /api/v1/cms/itemCategory 
2024-06-15 17:59:31 +07:00 [development] info: GET /api/v1/cms/item 
2024-06-15 17:59:31 +07:00 [development] info: GET /api/v1/cms/itemCategory 
2024-06-15 17:59:31 +07:00 [development] info: GET /api/v1/cms/item 
2024-06-15 17:59:32 +07:00 [development] info: GET /api/v1/cms/itemCategory 
2024-06-15 17:59:32 +07:00 [development] info: GET /api/v1/cms/item 
2024-06-15 17:59:34 +07:00 [development] info: GET /api/v1/cms/item 
2024-06-15 17:59:34 +07:00 [development] info: GET /api/v1/cms/itemCategory 
2024-06-15 17:59:34 +07:00 [development] info: GET /api/v1/cms/item 
2024-06-15 17:59:35 +07:00 [development] info: GET /api/v1/cms/item 
2024-06-15 17:59:36 +07:00 [development] info: GET /api/v1/cms/item 
2024-06-15 17:59:36 +07:00 [development] info: GET /api/v1/cms/item 
2024-06-15 18:00:14 +07:00 [development] info: GET /api/v1/cms/itemCategory 
2024-06-15 18:00:14 +07:00 [development] info: GET /api/v1/cms/item 
2024-06-15 18:00:18 +07:00 [development] info: GET /api/v1/cms/itemCategory 
2024-06-15 18:00:18 +07:00 [development] info: GET /api/v1/cms/item 
2024-06-15 18:00:19 +07:00 [development] info: GET /api/v1/cms/itemCategory 
2024-06-15 18:00:19 +07:00 [development] info: GET /api/v1/cms/item 
2024-06-15 18:00:20 +07:00 [development] info: GET /api/v1/cms/item 
2024-06-15 18:00:20 +07:00 [development] info: GET /api/v1/cms/itemCategory 
2024-06-15 18:00:20 +07:00 [development] info: GET /api/v1/cms/itemCategory 
2024-06-15 18:00:20 +07:00 [development] info: GET /api/v1/cms/item 
2024-06-15 18:00:20 +07:00 [development] info: GET /api/v1/cms/itemCategory 
2024-06-15 18:00:20 +07:00 [development] info: GET /api/v1/cms/item 
2024-06-15 18:00:20 +07:00 [development] info: GET /api/v1/cms/item 
2024-06-15 18:00:20 +07:00 [development] info: GET /api/v1/cms/item 
2024-06-15 18:00:20 +07:00 [development] info: GET /api/v1/cms/item 
2024-06-15 18:00:20 +07:00 [development] info: GET /api/v1/cms/item 
2024-06-15 18:00:20 +07:00 [development] info: GET /api/v1/cms/item 
2024-06-15 18:00:21 +07:00 [development] info: GET /api/v1/cms/item 
2024-06-15 18:01:52 +07:00 [development] info: GET /api/v1/cms/item 
2024-06-15 18:01:53 +07:00 [development] info: GET /api/v1/cms/itemCategory 
2024-06-15 18:02:32 +07:00 [development] info: GET /api/v1/cms/item 
2024-06-15 18:02:32 +07:00 [development] info: GET /api/v1/cms/itemCategory 
2024-06-15 18:02:32 +07:00 [development] info: GET /api/v1/cms/itemCategory 
2024-06-15 18:02:33 +07:00 [development] info: GET /api/v1/cms/item 
2024-06-15 18:02:33 +07:00 [development] info: GET /api/v1/cms/item 
2024-06-15 18:02:33 +07:00 [development] info: GET /api/v1/cms/item 
2024-06-15 18:03:07 +07:00 [development] info: POST /api/v1/cms/item 
2024-06-15 18:03:21 +07:00 [development] info: GET /api/v1/cms/itemCategory 
2024-06-15 18:03:21 +07:00 [development] info: GET /api/v1/cms/itemCategory 
2024-06-15 18:03:21 +07:00 [development] info: GET /api/v1/cms/item 
2024-06-15 18:03:21 +07:00 [development] info: GET /api/v1/cms/item 
2024-06-15 18:03:21 +07:00 [development] info: GET /api/v1/cms/item 
2024-06-15 18:03:21 +07:00 [development] info: GET /api/v1/cms/item 
2024-06-15 18:04:04 +07:00 [development] info: GET /api/v1/cms/itemCategory 
2024-06-15 18:04:04 +07:00 [development] info: GET /api/v1/cms/item 
2024-06-15 18:04:24 +07:00 [development] info: GET /api/v1/cms/itemCategory 
2024-06-15 18:04:25 +07:00 [development] info: GET /api/v1/cms/item 
2024-06-15 18:04:25 +07:00 [development] info: GET /api/v1/cms/itemCategory 
2024-06-15 18:04:25 +07:00 [development] info: GET /api/v1/cms/item 
2024-06-15 18:04:25 +07:00 [development] info: GET /api/v1/cms/item 
2024-06-15 18:04:25 +07:00 [development] info: GET /api/v1/cms/item 
2024-06-15 18:05:00 +07:00 [development] error: POST /api/v1/cms/item PrismaClientUnknownRequestError: 
Invalid `prisma.item.create()` invocation:


Error occurred during query execution:
ConnectorError(ConnectorError { user_facing_error: None, kind: QueryError(Error { kind: ToSql(4), cause: Some(Error { kind: ConversionError("Unable to fit integer value '4678239812' into an INT4 (32-bit signed integer)."), original_code: None, original_message: None }) }), transient: false })
2024-06-15 18:08:54 +07:00 [development] error: POST /api/v1/cms/item PrismaClientUnknownRequestError: 
Invalid `prisma.item.create()` invocation:


Error occurred during query execution:
ConnectorError(ConnectorError { user_facing_error: None, kind: QueryError(Error { kind: ToSql(4), cause: Some(Error { kind: ConversionError("Unable to fit integer value '4678239812' into an INT4 (32-bit signed integer)."), original_code: None, original_message: None }) }), transient: false })
2024-06-15 18:18:09 +07:00 [development] info: POST /api/v1/cms/item 
2024-06-15 18:18:22 +07:00 [development] info: GET /api/v1/cms/itemCategory 
2024-06-15 18:18:22 +07:00 [development] info: GET /api/v1/cms/item 
2024-06-15 18:18:23 +07:00 [development] info: GET /api/v1/cms/itemCategory 
2024-06-15 18:18:23 +07:00 [development] info: GET /api/v1/cms/item 
2024-06-15 18:18:23 +07:00 [development] info: GET /api/v1/cms/item 
2024-06-15 18:18:23 +07:00 [development] info: GET /api/v1/cms/item 
2024-06-15 18:20:23 +07:00 [development] info: GET /api/v1/cms/itemCategory 
2024-06-15 18:20:23 +07:00 [development] info: GET /api/v1/cms/item 
2024-06-15 18:20:24 +07:00 [development] info: GET /api/v1/cms/itemCategory 
2024-06-15 18:20:24 +07:00 [development] info: GET /api/v1/cms/item 
2024-06-15 18:20:24 +07:00 [development] info: GET /api/v1/cms/item 
2024-06-15 18:20:25 +07:00 [development] info: GET /api/v1/cms/item 
2024-06-15 18:20:50 +07:00 [development] info: POST /api/v1/cms/item 
2024-06-15 18:21:03 +07:00 [development] info: GET /api/v1/cms/itemCategory 
2024-06-15 18:21:03 +07:00 [development] info: GET /api/v1/cms/itemCategory 
2024-06-15 18:21:03 +07:00 [development] info: GET /api/v1/cms/item 
2024-06-15 18:21:03 +07:00 [development] info: GET /api/v1/cms/item 
2024-06-15 18:21:03 +07:00 [development] info: GET /api/v1/cms/item 
2024-06-15 18:21:03 +07:00 [development] info: GET /api/v1/cms/item 
2024-06-15 18:21:10 +07:00 [development] info: GET /api/v1/cms/item 
2024-06-15 18:21:10 +07:00 [development] info: GET /api/v1/cms/item 
2024-06-15 18:33:47 +07:00 [development] info: GET /api/v1/cms/itemCategory 
2024-06-15 18:33:47 +07:00 [development] info: GET /api/v1/cms/item 
2024-06-15 18:33:47 +07:00 [development] info: GET /api/v1/cms/item 
2024-06-15 18:33:47 +07:00 [development] info: GET /api/v1/cms/itemCategory 
2024-06-15 18:33:47 +07:00 [development] info: GET /api/v1/cms/item 
2024-06-15 18:33:47 +07:00 [development] info: GET /api/v1/cms/item 
2024-06-15 18:34:52 +07:00 [development] info: POST /api/v1/cms/item 
2024-06-15 18:35:05 +07:00 [development] info: GET /api/v1/cms/item 
2024-06-15 18:35:05 +07:00 [development] info: GET /api/v1/cms/item 
2024-06-15 18:35:05 +07:00 [development] info: GET /api/v1/cms/itemCategory 
2024-06-15 18:35:05 +07:00 [development] info: GET /api/v1/cms/item 
2024-06-15 18:35:05 +07:00 [development] info: GET /api/v1/cms/itemCategory 
2024-06-15 18:35:05 +07:00 [development] info: GET /api/v1/cms/item 
